INFO - --------Le jeu a démarré------
ERROR - Une exception est survenue lors du choix du jeu.
ERROR - Le joueur n'a pas entré un numéro valide lors de la sélection du jeu ou du mode :  3
INFO - Le joueur a choisi le mode : 1
ERROR - Une exception est survenue lors du choix du jeu.
ERROR - Le joueur n'a pas entré un numéro valide lors de la sélection du jeu ou du mode :  4
INFO - Le joueur a choisi le mode : 1
INFO - Le mode développeur est activé. L'utilisateur peut voir la combinaison secrète.
INFO - --------Le jeu est terminé------
INFO - --------Le joueur vient de quitter le jeu------
INFO - --------Le jeu a démarré------
ERROR - Une exception est survenue lors du choix du jeu.
ERROR - Le joueur n'a pas entré un numéro valide lors de la sélection du jeu ou du mode. Valeur :  4
INFO - Le joueur a choisi le mode : 1
ERROR - Le joueur n'a pas entré un numéro valide lors de la sélection du jeu ou du mode. Valeur :  4
ERROR - Une exception est survenue lors du choix du jeu.
INFO - Le joueur a choisi le mode : 1
INFO - Le mode développeur est activé. L'utilisateur peut voir la combinaison secrète.
INFO - --------Le jeu est terminé------
INFO - --------Le joueur vient de quitter le jeu------
--------Le jeu a démarré------
Le joueur a choisi le mode : 1
Le joueur a choisi le mode : 1
Le mode développeur est activé. L'utilisateur peut voir la combinaison secrète.
--------Le jeu est terminé------
--------Le joueur vient de quitter le jeu------
INFO  GameSelector - --------Le jeu a démarré------
INFO  GameSelector - Le joueur a choisi le mode : 1
INFO  GameSelector - Le joueur a choisi le mode : 1
INFO  BaseGame - Le mode développeur est activé. L'utilisateur peut voir la combinaison secrète.
INFO  GameSelector - --------Le jeu est terminé------
INFO  GameSelector - --------Le joueur vient de quitter le jeu------
INFO  GameSelector - --------Le jeu a démarré------
INFO  GameSelector - Le joueur a choisi le mode : 1
INFO  GameSelector - Le joueur a choisi le mode : 1
INFO  BaseGame - Le mode développeur est activé. L'utilisateur peut voir la combinaison secrète.
INFO  GameSelector - --------Le jeu a démarré------
INFO  GameSelector - Le joueur a choisi le mode : 1
INFO  GameSelector - Le joueur a choisi le mode : 1
INFO  BaseGame - Le mode développeur est activé. L'utilisateur peut voir la combinaison secrète.
INFO  GameSelector - --------Le jeu est terminé------
INFO  GameSelector - --------Le joueur vient de quitter le jeu------
INFO - --------Le jeu a démarré------
INFO - Le joueur a choisi le mode : 1
INFO - Le joueur a choisi le mode : 1
INFO - Le mode développeur est activé. L'utilisateur peut voir la combinaison secrète.
INFO - --------Le jeu est terminé------
INFO - --------Le joueur vient de quitter le jeu------
INFO  GameSelector - --------Le jeu a démarré------
ERROR GameSelector - Le joueur n'a pas entré un numéro valide lors de la sélection du jeu ou du mode. Valeur :  3
ERROR GameSelector - Une exception est survenue lors du choix du jeu.
ERROR GameSelector - Une exception est survenue lors du choix du jeu.
INFO  GameSelector - Le joueur a choisi le mode : 1
ERROR GameSelector - Le joueur n'a pas entré un numéro valide lors de la sélection du jeu ou du mode. Valeur :  4
ERROR GameSelector - Une exception est survenue lors du choix du jeu.
INFO  GameSelector - Le joueur a choisi le mode : 1
INFO  BaseGame - Le mode développeur est activé. L'utilisateur peut voir la combinaison secrète.
22 oct. 2018 13:23:09,209 22 oct. 2018 13:23:10,447 22 oct. 2018 13:23:11,157 22 oct. 2018 13:23:12,315 22 oct. 2018 13:23:12,319 22 oct. 2018 13:23:15,868 22 oct. 2018 13:23:53,63822 oct. 2018 13:23:54,51222 oct. 2018 13:23:59,43122 oct. 2018 13:23:59,43322 oct. 2018 13:24:13,11922 oct. 2018 13:24:14,79822 oct. 2018 13:24:47,971 - --------Le jeu a démarré------
22 oct. 2018 13:24:48,831 - Le joueur a choisi le mode : 1
22 oct. 2018 13:24:49,686 - Le joueur a choisi le mode : 1
22 oct. 2018 13:24:49,689 - Le mode développeur est activé. L'utilisateur peut voir la combinaison secrète.
22 oct. 2018 13:24:52,966 - --------Le jeu est terminé------
2018-10-22 13:30:09,030 [INFO ] (GameSelector.java:numberRun:46) --------Le jeu a démarré------
2018-10-22 13:30:11,175 [INFO ] (GameSelector.java:gamechoice:80) Le joueur a choisi le mode : 1
2018-10-22 13:30:12,478 [INFO ] (GameSelector.java:gameMode:94) Le joueur a choisi le mode : 1
2018-10-22 13:30:12,483 [INFO ] (BaseGame.java:displaySolutionForDev:53) Le mode développeur est activé. L'utilisateur peut voir la combinaison secrète.
2018-10-22 13:30:14,967 [INFO ] (GameSelector.java:gameRun:161) --------Le jeu est terminé------
2018-10-22 13:55:28,435 [INFO ] (GameSelector.java:numberRun:46) --------Le jeu a démarré------
2018-10-22 13:55:30,375 [INFO ] (GameSelector.java:gamechoice:80) Le joueur a choisi le mode : 1
2018-10-22 13:55:31,185 [INFO ] (GameSelector.java:gameMode:94) Le joueur a choisi le mode : 2
2018-10-22 13:55:33,872 [INFO ] (GameSelector.java:gameRun:161) --------Le jeu est terminé------
2018-10-22 13:55:41,160 [INFO ] (GameSelector.java:numberRun:46) --------Le jeu a démarré------
2018-10-22 13:55:42,990 [INFO ] (GameSelector.java:gamechoice:80) Le joueur a choisi le mode : 2
2018-10-22 13:55:43,591 [INFO ] (GameSelector.java:gameMode:94) Le joueur a choisi le mode : 1
2018-10-22 13:55:43,599 [INFO ] (BaseGame.java:displaySolutionForDev:53) Le mode développeur est activé. L'utilisateur peut voir la combinaison secrète.
2018-10-22 13:55:48,582 [INFO ] (GameSelector.java:gameRun:161) --------Le jeu est terminé------
2018-10-22 13:55:51,068 [INFO ] (GameSelector.java:retry:62) --------Le joueur vient de relancer le jeu------
2018-10-22 13:55:51,069 [INFO ] (GameSelector.java:numberRun:46) --------Le jeu a démarré------
2018-10-22 13:55:52,860 [INFO ] (GameSelector.java:gamechoice:80) Le joueur a choisi le mode : 2
2018-10-22 13:55:53,621 [INFO ] (GameSelector.java:gameMode:94) Le joueur a choisi le mode : 3
2018-10-22 13:55:53,622 [INFO ] (BaseGame.java:displaySolutionForDev:53) Le mode développeur est activé. L'utilisateur peut voir la combinaison secrète.
2018-10-22 13:56:16,256 [INFO ] (GameSelector.java:numberRun:46) --------Le jeu a démarré------
2018-10-22 13:56:18,085 [INFO ] (GameSelector.java:gamechoice:80) Le joueur a choisi le mode : 1
2018-10-22 13:56:18,828 [INFO ] (GameSelector.java:gameMode:94) Le joueur a choisi le mode : 2
2018-10-22 13:56:21,252 [INFO ] (GameSelector.java:gameRun:161) --------Le jeu est terminé------
2018-10-22 13:56:24,298 [INFO ] (GameSelector.java:retry:66) --------Le joueur vient de quitter le jeu------
2018-10-22 14:16:33,028 [INFO ] (GameSelector.java:numberRun:45) --------Le jeu a démarré------
2018-10-22 14:16:36,712 [INFO ] (GameSelector.java:gamechoice:79) Le joueur a choisi le mode : 2
2018-10-22 14:16:38,584 [INFO ] (GameSelector.java:gameMode:93) Le joueur a choisi le mode : 1
2018-10-22 14:16:38,591 [INFO ] (BaseGame.java:displaySolutionForDev:53) Le mode développeur est activé. L'utilisateur peut voir la combinaison secrète.
2018-10-22 14:18:55,253 [INFO ] (GameSelector.java:numberRun:45) --------Le jeu a démarré------
2018-10-22 14:19:47,442 [INFO ] (GameSelector.java:gamechoice:79) Le joueur a choisi le mode : 1
2018-10-22 14:19:49,906 [INFO ] (GameSelector.java:numberRun:45) --------Le jeu a démarré------
2018-10-22 14:19:51,139 [INFO ] (GameSelector.java:gamechoice:79) Le joueur a choisi le mode : 2
2018-10-22 14:19:51,972 [INFO ] (GameSelector.java:gameMode:93) Le joueur a choisi le mode : 1
2018-10-22 14:19:51,981 [INFO ] (BaseGame.java:displaySolutionForDev:53) Le mode développeur est activé. L'utilisateur peut voir la combinaison secrète.
2018-10-22 14:19:58,510 [INFO ] (GameSelector.java:numberRun:45) --------Le jeu a démarré------
2018-10-22 14:20:07,136 [INFO ] (GameSelector.java:gamechoice:79) Le joueur a choisi le mode : 2
2018-10-22 14:20:07,927 [INFO ] (GameSelector.java:gameMode:93) Le joueur a choisi le mode : 1
2018-10-22 14:20:07,934 [INFO ] (BaseGame.java:displaySolutionForDev:53) Le mode développeur est activé. L'utilisateur peut voir la combinaison secrète.
2018-10-22 14:20:11,446 [INFO ] (GameSelector.java:gameRun:160) --------Le jeu est terminé------
2018-10-22 14:20:14,678 [INFO ] (GameSelector.java:retry:61) --------Le joueur vient de relancer le jeu------
2018-10-22 14:20:14,678 [INFO ] (GameSelector.java:numberRun:45) --------Le jeu a démarré------
2018-10-22 14:20:15,686 [INFO ] (GameSelector.java:gamechoice:79) Le joueur a choisi le mode : 2
2018-10-22 14:20:16,414 [INFO ] (GameSelector.java:gameMode:93) Le joueur a choisi le mode : 1
2018-10-22 14:20:16,415 [INFO ] (BaseGame.java:displaySolutionForDev:53) Le mode développeur est activé. L'utilisateur peut voir la combinaison secrète.
2018-10-22 14:21:13,789 [INFO ] (GameSelector.java:numberRun:45) --------Le jeu a démarré------
2018-10-22 14:21:18,065 [INFO ] (GameSelector.java:gamechoice:79) Le joueur a choisi le mode : 1
2018-10-22 14:21:18,912 [INFO ] (GameSelector.java:gameMode:93) Le joueur a choisi le mode : 3
2018-10-22 14:21:18,917 [INFO ] (BaseGame.java:displaySolutionForDev:53) Le mode développeur est activé. L'utilisateur peut voir la combinaison secrète.
2018-10-22 14:21:35,660 [INFO ] (GameSelector.java:gameRun:160) --------Le jeu est terminé------
2018-10-22 14:21:39,941 [INFO ] (GameSelector.java:numberRun:45) --------Le jeu a démarré------
2018-10-22 14:21:40,836 [INFO ] (GameSelector.java:gamechoice:79) Le joueur a choisi le mode : 1
2018-10-22 14:21:41,516 [INFO ] (GameSelector.java:gameMode:93) Le joueur a choisi le mode : 3
2018-10-22 14:21:41,519 [INFO ] (BaseGame.java:displaySolutionForDev:53) Le mode développeur est activé. L'utilisateur peut voir la combinaison secrète.
2018-10-22 14:24:42,642 [INFO ] (GameSelector.java:numberRun:45) --------Le jeu a démarré------
2018-10-22 14:24:48,971 [INFO ] (GameSelector.java:gamechoice:79) Le joueur a choisi le mode : 1
2018-10-22 14:24:49,748 [INFO ] (GameSelector.java:gameMode:93) Le joueur a choisi le mode : 3
2018-10-22 14:24:49,751 [INFO ] (BaseGame.java:displaySolutionForDev:53) Le mode développeur est activé. L'utilisateur peut voir la combinaison secrète.
2018-10-22 14:53:25,895 [INFO ] (GameSelector.java:numberRun:45) --------Le jeu a démarré------
2018-10-22 14:53:29,097 [INFO ] (GameSelector.java:gamechoice:79) Le joueur a choisi le mode : 2
2018-10-22 14:53:30,666 [INFO ] (GameSelector.java:gameMode:93) Le joueur a choisi le mode : 1
2018-10-22 14:53:30,675 [INFO ] (BaseGame.java:displaySolutionForDev:53) Le mode développeur est activé. L'utilisateur peut voir la combinaison secrète.
2018-10-22 22:02:38,456 [INFO ] (GameSelector.java:numberRun:45) --------Le jeu a démarré------
2018-10-22 22:02:40,347 [ERROR] (GameSelector.java:manageException:110) Le joueur n'a pas entré un numéro valide lors de la sélection du jeu ou du mode. Valeur :  4
2018-10-22 22:02:42,803 [INFO ] (GameSelector.java:gamechoice:79) Le joueur a choisi le mode : 2
2018-10-22 22:02:45,194 [ERROR] (GameSelector.java:manageException:110) Le joueur n'a pas entré un numéro valide lors de la sélection du jeu ou du mode. Valeur :  4
2018-10-22 22:02:46,603 [INFO ] (GameSelector.java:gameMode:93) Le joueur a choisi le mode : 1
2018-10-22 22:02:46,609 [INFO ] (BaseGame.java:displaySolutionForDev:53) Le mode développeur est activé. L'utilisateur peut voir la combinaison secrète.
2018-10-22 22:03:18,047 [INFO ] (GameSelector.java:numberRun:45) --------Le jeu a démarré------
2018-10-22 22:03:21,819 [INFO ] (GameSelector.java:gamechoice:79) Le joueur a choisi le mode : 1
2018-10-22 22:03:23,331 [INFO ] (GameSelector.java:gameMode:93) Le joueur a choisi le mode : 3
2018-10-22 22:03:23,334 [INFO ] (BaseGame.java:displaySolutionForDev:53) Le mode développeur est activé. L'utilisateur peut voir la combinaison secrète.
2018-10-22 22:03:30,940 [INFO ] (GameSelector.java:numberRun:45) --------Le jeu a démarré------
2018-10-22 22:03:32,545 [INFO ] (GameSelector.java:gamechoice:79) Le joueur a choisi le mode : 2
2018-10-22 22:03:34,313 [INFO ] (GameSelector.java:gameMode:93) Le joueur a choisi le mode : 3
2018-10-22 22:03:34,321 [INFO ] (BaseGame.java:displaySolutionForDev:53) Le mode développeur est activé. L'utilisateur peut voir la combinaison secrète.
2018-10-22 22:04:16,065 [INFO ] (GameSelector.java:numberRun:45) --------Le jeu a démarré------
2018-10-22 22:04:22,097 [INFO ] (GameSelector.java:numberRun:45) --------Le jeu a démarré------
2018-10-22 22:04:27,696 [INFO ] (GameSelector.java:gamechoice:79) Le joueur a choisi le mode : 2
2018-10-22 22:04:28,583 [INFO ] (GameSelector.java:gameMode:93) Le joueur a choisi le mode : 3
2018-10-22 22:04:28,588 [INFO ] (BaseGame.java:displaySolutionForDev:53) Le mode développeur est activé. L'utilisateur peut voir la combinaison secrète.
2018-10-22 22:05:31,329 [INFO ] (GameSelector.java:numberRun:45) --------Le jeu a démarré------
2018-10-22 22:05:54,511 [ERROR] (GameSelector.java:manageException:110) Le joueur n'a pas entré un numéro valide lors de la sélection du jeu ou du mode. Valeur :  11
2018-10-22 22:05:56,277 [INFO ] (GameSelector.java:gamechoice:79) Le joueur a choisi le mode : 1
2018-10-22 22:05:58,364 [INFO ] (GameSelector.java:gameMode:93) Le joueur a choisi le mode : 3
2018-10-22 22:05:58,374 [INFO ] (BaseGame.java:displaySolutionForDev:53) Le mode développeur est activé. L'utilisateur peut voir la combinaison secrète.
2018-10-22 22:06:01,823 [INFO ] (GameSelector.java:gameRun:160) --------Le jeu est terminé------
2018-10-22 22:06:08,414 [INFO ] (GameSelector.java:numberRun:45) --------Le jeu a démarré------
2018-10-22 22:06:10,716 [INFO ] (GameSelector.java:gamechoice:79) Le joueur a choisi le mode : 1
2018-10-22 22:06:11,541 [INFO ] (GameSelector.java:gameMode:93) Le joueur a choisi le mode : 3
2018-10-22 22:06:11,544 [INFO ] (BaseGame.java:displaySolutionForDev:53) Le mode développeur est activé. L'utilisateur peut voir la combinaison secrète.
2018-10-22 22:06:33,692 [INFO ] (GameSelector.java:gameRun:160) --------Le jeu est terminé------
2018-10-22 22:06:38,244 [INFO ] (GameSelector.java:retry:61) --------Le joueur vient de relancer le jeu------
2018-10-22 22:06:38,244 [INFO ] (GameSelector.java:numberRun:45) --------Le jeu a démarré------
2018-10-22 22:06:40,555 [INFO ] (GameSelector.java:gamechoice:79) Le joueur a choisi le mode : 2
2018-10-22 22:06:41,307 [INFO ] (GameSelector.java:gameMode:93) Le joueur a choisi le mode : 3
2018-10-22 22:06:41,312 [INFO ] (BaseGame.java:displaySolutionForDev:53) Le mode développeur est activé. L'utilisateur peut voir la combinaison secrète.
2018-10-22 22:06:53,203 [INFO ] (GameSelector.java:gameRun:160) --------Le jeu est terminé------
2018-10-22 22:14:07,787 [INFO ] (GameSelector.java:numberRun:45) --------Le jeu a démarré------
2018-10-22 22:14:16,234 [ERROR] (GameSelector.java:manageException:116) Une exception est survenue lors du choix du jeu.
2018-10-22 22:14:17,971 [INFO ] (GameSelector.java:gamechoice:79) Le joueur a choisi le mode : 1
2018-10-22 22:14:19,252 [ERROR] (GameSelector.java:manageException:116) Une exception est survenue lors du choix du jeu.
2018-10-22 22:14:24,530 [INFO ] (GameSelector.java:gameMode:93) Le joueur a choisi le mode : 3
2018-10-22 22:14:24,535 [INFO ] (BaseGame.java:displaySolutionForDev:53) Le mode développeur est activé. L'utilisateur peut voir la combinaison secrète.
2018-10-22 22:14:42,410 [INFO ] (GameSelector.java:gameRun:160) --------Le jeu est terminé------
2018-10-22 22:14:45,626 [INFO ] (GameSelector.java:retry:61) --------Le joueur vient de relancer le jeu------
2018-10-22 22:14:45,626 [INFO ] (GameSelector.java:numberRun:45) --------Le jeu a démarré------
2018-10-22 22:14:47,913 [INFO ] (GameSelector.java:gamechoice:79) Le joueur a choisi le mode : 2
2018-10-22 22:14:48,555 [INFO ] (GameSelector.java:gameMode:93) Le joueur a choisi le mode : 3
2018-10-22 22:14:48,560 [INFO ] (BaseGame.java:displaySolutionForDev:53) Le mode développeur est activé. L'utilisateur peut voir la combinaison secrète.
2018-10-22 22:19:27,510 [INFO ] (GameSelector.java:numberRun:45) --------Le jeu a démarré------
2018-10-22 22:19:34,767 [INFO ] (GameSelector.java:gamechoice:79) Le joueur a choisi le mode : 2
2018-10-22 22:19:36,073 [INFO ] (GameSelector.java:gameMode:93) Le joueur a choisi le mode : 1
2018-10-22 22:19:36,081 [INFO ] (BaseGame.java:displaySolutionForDev:53) Le mode développeur est activé. L'utilisateur peut voir la combinaison secrète.
2018-10-22 22:20:15,556 [INFO ] (GameSelector.java:numberRun:45) --------Le jeu a démarré------
2018-10-22 22:20:17,983 [INFO ] (GameSelector.java:gamechoice:79) Le joueur a choisi le mode : 1
2018-10-22 22:20:19,544 [INFO ] (GameSelector.java:gameMode:93) Le joueur a choisi le mode : 1
2018-10-22 22:20:19,549 [INFO ] (BaseGame.java:displaySolutionForDev:53) Le mode développeur est activé. L'utilisateur peut voir la combinaison secrète.
2018-10-22 22:33:56,656 [INFO ] (GameSelector.java:numberRun:45) --------Le jeu a démarré------
2018-10-22 22:34:04,435 [INFO ] (GameSelector.java:gamechoice:79) Le joueur a choisi le mode : 2
2018-10-22 22:34:10,201 [INFO ] (GameSelector.java:gameMode:93) Le joueur a choisi le mode : 2
2018-10-22 22:34:25,131 [INFO ] (GameSelector.java:numberRun:45) --------Le jeu a démarré------
2018-10-22 22:34:34,672 [INFO ] (GameSelector.java:gamechoice:79) Le joueur a choisi le mode : 1
2018-10-22 22:34:35,384 [INFO ] (GameSelector.java:gameMode:93) Le joueur a choisi le mode : 2
2018-10-22 22:39:30,954 [INFO ] (GameSelector.java:numberRun:45) --------Le jeu a démarré------
2018-10-22 22:39:32,966 [INFO ] (GameSelector.java:gamechoice:79) Le joueur a choisi le mode : 1
2018-10-22 22:39:34,870 [INFO ] (GameSelector.java:gameMode:93) Le joueur a choisi le mode : 1
2018-10-22 22:39:34,872 [INFO ] (BaseGame.java:displaySolutionForDev:53) Le mode développeur est activé. L'utilisateur peut voir la combinaison secrète.
2018-10-22 22:40:41,513 [INFO ] (GameSelector.java:numberRun:45) --------Le jeu a démarré------
2018-10-22 22:40:51,652 [INFO ] (GameSelector.java:gamechoice:79) Le joueur a choisi le mode : 1
2018-10-22 22:40:53,885 [INFO ] (GameSelector.java:gameMode:93) Le joueur a choisi le mode : 1
2018-10-22 22:40:53,889 [INFO ] (BaseGame.java:displaySolutionForDev:53) Le mode développeur est activé. L'utilisateur peut voir la combinaison secrète.
2018-10-22 22:56:36,323 [INFO ] (GameSelector.java:numberRun:45) --------Le jeu a démarré------
2018-10-22 22:56:39,431 [INFO ] (GameSelector.java:gamechoice:79) Le joueur a choisi le mode : 1
2018-10-22 22:56:42,571 [INFO ] (GameSelector.java:gameMode:93) Le joueur a choisi le mode : 2
2018-10-22 22:56:49,942 [INFO ] (GameSelector.java:numberRun:45) --------Le jeu a démarré------
2018-10-22 22:56:53,377 [INFO ] (GameSelector.java:gamechoice:79) Le joueur a choisi le mode : 1
2018-10-22 22:56:54,187 [INFO ] (GameSelector.java:gameMode:93) Le joueur a choisi le mode : 3
2018-10-22 22:56:54,189 [INFO ] (BaseGame.java:displaySolutionForDev:53) Le mode développeur est activé. L'utilisateur peut voir la combinaison secrète.
2018-10-22 22:57:06,640 [INFO ] (GameSelector.java:numberRun:45) --------Le jeu a démarré------
2018-10-22 22:57:08,426 [INFO ] (GameSelector.java:gamechoice:79) Le joueur a choisi le mode : 2
2018-10-22 22:57:09,762 [INFO ] (GameSelector.java:gameMode:93) Le joueur a choisi le mode : 3
2018-10-22 22:57:09,770 [INFO ] (BaseGame.java:displaySolutionForDev:53) Le mode développeur est activé. L'utilisateur peut voir la combinaison secrète.
2018-10-22 22:58:36,013 [INFO ] (GameSelector.java:numberRun:45) --------Le jeu a démarré------
2018-10-22 22:59:01,157 [INFO ] (GameSelector.java:numberRun:45) --------Le jeu a démarré------
2018-10-22 22:59:27,888 [INFO ] (GameSelector.java:gamechoice:79) Le joueur a choisi le mode : 1
2018-10-22 22:59:28,659 [INFO ] (GameSelector.java:gameMode:93) Le joueur a choisi le mode : 2
2018-10-22 23:01:37,802 [INFO ] (GameSelector.java:numberRun:45) --------Le jeu a démarré------
2018-10-22 23:01:39,967 [INFO ] (GameSelector.java:gamechoice:79) Le joueur a choisi le mode : 1
2018-10-22 23:01:40,704 [INFO ] (GameSelector.java:gameMode:93) Le joueur a choisi le mode : 2
2018-10-22 23:02:13,253 [INFO ] (GameSelector.java:numberRun:45) --------Le jeu a démarré------
2018-10-22 23:02:14,470 [INFO ] (GameSelector.java:gamechoice:79) Le joueur a choisi le mode : 1
2018-10-22 23:02:15,317 [INFO ] (GameSelector.java:gameMode:93) Le joueur a choisi le mode : 2
2018-10-22 23:03:35,675 [INFO ] (GameSelector.java:numberRun:45) --------Le jeu a démarré------
2018-10-22 23:03:36,956 [INFO ] (GameSelector.java:gamechoice:79) Le joueur a choisi le mode : 1
2018-10-22 23:03:37,723 [INFO ] (GameSelector.java:gameMode:93) Le joueur a choisi le mode : 2
2018-10-22 23:04:03,581 [INFO ] (GameSelector.java:gameRun:160) --------Le jeu est terminé------
2018-10-22 23:04:42,374 [INFO ] (GameSelector.java:numberRun:45) --------Le jeu a démarré------
2018-10-22 23:04:44,581 [INFO ] (GameSelector.java:gamechoice:79) Le joueur a choisi le mode : 1
2018-10-22 23:04:45,801 [INFO ] (GameSelector.java:gameMode:93) Le joueur a choisi le mode : 2
2018-10-22 23:04:53,548 [INFO ] (GameSelector.java:gameRun:160) --------Le jeu est terminé------
2018-10-22 23:05:08,732 [INFO ] (GameSelector.java:numberRun:45) --------Le jeu a démarré------
2018-10-22 23:05:14,237 [INFO ] (GameSelector.java:gamechoice:79) Le joueur a choisi le mode : 2
2018-10-22 23:05:14,968 [INFO ] (GameSelector.java:gameMode:93) Le joueur a choisi le mode : 2
2018-10-22 23:05:47,603 [INFO ] (GameSelector.java:numberRun:45) --------Le jeu a démarré------
2018-10-22 23:05:57,110 [INFO ] (GameSelector.java:gamechoice:79) Le joueur a choisi le mode : 2
2018-10-22 23:05:57,928 [INFO ] (GameSelector.java:gameMode:93) Le joueur a choisi le mode : 2
2018-10-22 23:06:05,944 [INFO ] (GameSelector.java:gameRun:160) --------Le jeu est terminé------
2018-10-22 23:40:06,468 [INFO ] (GameSelector.java:numberRun:45) --------Le jeu a démarré------
2018-10-22 23:40:08,146 [INFO ] (GameSelector.java:gamechoice:79) Le joueur a choisi le mode : 1
2018-10-22 23:40:10,230 [INFO ] (GameSelector.java:gameMode:93) Le joueur a choisi le mode : 2
2018-10-22 23:40:12,049 [INFO ] (GameSelector.java:gameRun:160) --------Le jeu est terminé------
2018-10-22 23:41:38,374 [INFO ] (GameSelector.java:numberRun:45) --------Le jeu a démarré------
2018-10-22 23:41:40,683 [INFO ] (GameSelector.java:gamechoice:79) Le joueur a choisi le mode : 1
2018-10-22 23:41:41,915 [INFO ] (GameSelector.java:gameMode:93) Le joueur a choisi le mode : 2
2018-10-22 23:41:43,285 [INFO ] (GameSelector.java:gameRun:160) --------Le jeu est terminé------
2018-10-22 23:41:48,267 [INFO ] (GameSelector.java:numberRun:45) --------Le jeu a démarré------
2018-10-22 23:41:49,103 [INFO ] (GameSelector.java:gamechoice:79) Le joueur a choisi le mode : 1
2018-10-22 23:41:50,363 [INFO ] (GameSelector.java:gameMode:93) Le joueur a choisi le mode : 2
2018-10-22 23:41:51,823 [INFO ] (GameSelector.java:gameRun:160) --------Le jeu est terminé------
2018-10-22 23:41:57,312 [INFO ] (GameSelector.java:numberRun:45) --------Le jeu a démarré------
2018-10-22 23:41:58,364 [INFO ] (GameSelector.java:gamechoice:79) Le joueur a choisi le mode : 2
2018-10-22 23:42:00,219 [INFO ] (GameSelector.java:gameMode:93) Le joueur a choisi le mode : 2
2018-10-22 23:42:06,533 [INFO ] (GameSelector.java:gameRun:160) --------Le jeu est terminé------
2018-10-22 23:42:33,775 [INFO ] (GameSelector.java:numberRun:45) --------Le jeu a démarré------
2018-10-22 23:42:35,955 [INFO ] (GameSelector.java:gamechoice:79) Le joueur a choisi le mode : 1
2018-10-22 23:42:37,108 [INFO ] (GameSelector.java:gameMode:93) Le joueur a choisi le mode : 1
2018-10-22 23:42:37,111 [INFO ] (BaseGame.java:displaySolutionForDev:53) Le mode développeur est activé. L'utilisateur peut voir la combinaison secrète.
2018-10-22 23:42:43,107 [INFO ] (GameSelector.java:gameRun:160) --------Le jeu est terminé------
2018-10-22 23:42:45,073 [INFO ] (GameSelector.java:retry:61) --------Le joueur vient de relancer le jeu------
2018-10-22 23:42:45,073 [INFO ] (GameSelector.java:numberRun:45) --------Le jeu a démarré------
2018-10-22 23:42:46,467 [INFO ] (GameSelector.java:gamechoice:79) Le joueur a choisi le mode : 2
2018-10-22 23:42:49,450 [INFO ] (GameSelector.java:numberRun:45) --------Le jeu a démarré------
2018-10-22 23:42:50,514 [INFO ] (GameSelector.java:gamechoice:79) Le joueur a choisi le mode : 1
2018-10-22 23:42:51,280 [INFO ] (GameSelector.java:gameMode:93) Le joueur a choisi le mode : 2
2018-10-22 23:42:53,508 [INFO ] (GameSelector.java:gameRun:160) --------Le jeu est terminé------
2018-10-22 23:42:58,336 [INFO ] (GameSelector.java:retry:61) --------Le joueur vient de relancer le jeu------
2018-10-22 23:42:58,338 [INFO ] (GameSelector.java:numberRun:45) --------Le jeu a démarré------
2018-10-22 23:43:00,362 [INFO ] (GameSelector.java:gamechoice:79) Le joueur a choisi le mode : 1
2018-10-22 23:43:01,393 [INFO ] (GameSelector.java:gameMode:93) Le joueur a choisi le mode : 3
2018-10-22 23:43:01,394 [INFO ] (BaseGame.java:displaySolutionForDev:53) Le mode développeur est activé. L'utilisateur peut voir la combinaison secrète.
2018-10-22 23:43:14,664 [INFO ] (GameSelector.java:numberRun:45) --------Le jeu a démarré------
2018-10-22 23:43:15,768 [INFO ] (GameSelector.java:gamechoice:79) Le joueur a choisi le mode : 1
2018-10-22 23:43:18,542 [INFO ] (GameSelector.java:numberRun:45) --------Le jeu a démarré------
2018-10-22 23:43:19,426 [INFO ] (GameSelector.java:gamechoice:79) Le joueur a choisi le mode : 2
2018-10-22 23:43:20,139 [INFO ] (GameSelector.java:gameMode:93) Le joueur a choisi le mode : 1
2018-10-22 23:43:20,143 [INFO ] (BaseGame.java:displaySolutionForDev:53) Le mode développeur est activé. L'utilisateur peut voir la combinaison secrète.
2018-10-22 23:43:26,384 [INFO ] (GameSelector.java:gameRun:160) --------Le jeu est terminé------
2018-10-22 23:43:42,752 [INFO ] (GameSelector.java:numberRun:45) --------Le jeu a démarré------
2018-10-22 23:43:45,415 [INFO ] (GameSelector.java:gamechoice:79) Le joueur a choisi le mode : 2
2018-10-22 23:43:46,864 [INFO ] (GameSelector.java:gameMode:93) Le joueur a choisi le mode : 1
2018-10-22 23:43:46,870 [INFO ] (BaseGame.java:displaySolutionForDev:53) Le mode développeur est activé. L'utilisateur peut voir la combinaison secrète.
2018-10-22 23:44:00,842 [INFO ] (GameSelector.java:numberRun:45) --------Le jeu a démarré------
2018-10-23 00:06:43,385 [INFO ] (GameSelector.java:numberRun:43) --------Le jeu a démarré------
2018-10-23 00:06:45,258 [INFO ] (GameSelector.java:gamechoice:77) Le joueur a choisi le mode : 2
2018-10-23 00:06:46,657 [INFO ] (GameSelector.java:gameMode:91) Le joueur a choisi le mode : 1
2018-10-23 00:06:46,662 [INFO ] (BaseGame.java:displaySolutionForDev:51) Le mode développeur est activé. L'utilisateur peut voir la combinaison secrète.
2018-10-23 00:11:13,622 [INFO ] (GameSelector.java:numberRun:43) --------Le jeu a démarré------
2018-10-23 00:11:15,229 [INFO ] (GameSelector.java:gamechoice:77) Le joueur a choisi le mode : 2
2018-10-23 00:11:16,832 [INFO ] (GameSelector.java:gameMode:91) Le joueur a choisi le mode : 1
2018-10-23 20:41:00,773 [INFO ] (GameSelector.java:numberRun:43) --------Le jeu a démarré------
2018-10-23 20:41:02,280 [INFO ] (GameSelector.java:gamechoice:77) Le joueur a choisi le mode : 1
2018-10-23 20:41:02,845 [INFO ] (GameSelector.java:gameMode:91) Le joueur a choisi le mode : 1
2018-10-23 20:41:02,850 [INFO ] (BaseGame.java:displaySolutionForDev:51) Le mode développeur est activé. L'utilisateur peut voir la combinaison secrète.
2018-10-23 20:41:08,225 [INFO ] (GameSelector.java:numberRun:43) --------Le jeu a démarré------
2018-10-23 20:41:09,740 [ERROR] (GameSelector.java:manageException:108) Le joueur n'a pas entré un numéro valide lors de la sélection du jeu ou du mode. Valeur :  4
2018-10-23 20:41:10,884 [ERROR] (GameSelector.java:manageException:114) Une exception est survenue lors du choix du jeu.
2018-10-23 20:41:16,393 [INFO ] (GameSelector.java:gamechoice:77) Le joueur a choisi le mode : 1
2018-10-23 20:41:17,690 [ERROR] (GameSelector.java:manageException:108) Le joueur n'a pas entré un numéro valide lors de la sélection du jeu ou du mode. Valeur :  4
2018-10-23 20:41:19,409 [ERROR] (GameSelector.java:manageException:108) Le joueur n'a pas entré un numéro valide lors de la sélection du jeu ou du mode. Valeur :  5
2018-10-23 20:41:20,265 [ERROR] (GameSelector.java:manageException:114) Une exception est survenue lors du choix du jeu.
2018-10-23 20:41:24,000 [INFO ] (GameSelector.java:gameMode:91) Le joueur a choisi le mode : 1
2018-10-23 20:41:24,005 [INFO ] (BaseGame.java:displaySolutionForDev:51) Le mode développeur est activé. L'utilisateur peut voir la combinaison secrète.
2018-10-23 20:41:54,527 [INFO ] (GameSelector.java:numberRun:43) --------Le jeu a démarré------
2018-10-23 20:41:56,694 [INFO ] (GameSelector.java:gamechoice:77) Le joueur a choisi le mode : 2
2018-10-23 20:41:59,702 [ERROR] (GameSelector.java:manageException:108) Le joueur n'a pas entré un numéro valide lors de la sélection du jeu ou du mode. Valeur :  4
2018-10-23 20:42:00,549 [INFO ] (GameSelector.java:gameMode:91) Le joueur a choisi le mode : 1
2018-10-23 20:42:00,559 [INFO ] (BaseGame.java:displaySolutionForDev:51) Le mode développeur est activé. L'utilisateur peut voir la combinaison secrète.
